Notice	15a21790	1184
README	1dd393be	5394
cds.c	e3315d6b	4140
data.c	ec4c324e	10366
defines.h	e500bb1a	8464
defs.h	fb59131b	33905
equiv.c	1d94f69d	9299
error.c	f0c9f046	4951
exec.c	ffe2b740	19600
expr.c	f4e6c800	64971
f2c.1	aae3193	6118
f2c.1t	ecddd826	6064
f2c.h	1be46b90	4271
format.c	eebb639a	57315
format.h	b396862	458
formatdata.c	e5418db1	26244
ftypes.h	18b86a27	1377
gram.dcl	12d52ce2	8004
gram.exec	e190cb8e	3026
gram.expr	e3da3320	3137
gram.head	1bea096d	7258
gram.io	1b7c281c	3294
init.c	11922f8f	11507
intr.c	ea4995b2	20109
io.c	550d498	30430
iob.h	ece45655	548
lex.c	e42f036a	32298
machdefs.h	4950e5b	659
main.c	f33ca571	17429
malloc.c	f55db7f7	3812
mem.c	1d2ccbcd	5368
memset.c	17404d52	1964
misc.c	f2186a81	21624
names.c	fe1866e6	20998
names.h	110806d6	569
niceprintf.c	185a35cd	10736
niceprintf.h	c31f08c	412
output.c	e714cd3f	41133
output.h	fa6797d9	2103
p1defs.h	1b02743	5741
p1output.c	176856df	14211
parse.h	18d34e6b	1119
parse_args.c	f92dc84e	13885
pccdefs.h	1b4fbbee	1195
pread.c	e1ea5c0e	17788
proc.c	164395e9	37379
put.c	1935e48e	10099
putpcc.c	f3ad51a2	42580
sysdep.c	69a84d9	12113
sysdep.h	173ac294	2690
tokens	188b7c5d	733
usignal.h	1c4ce909	124
vax.c	f1b68a9c	11752
version.c	fd27da4a	107
xsum.c	ec5cc970	6579
